<?xml version="1.0" encoding="UTF-8"?>
<testsuite name="com.example.publicdatanotification.websocket.controller.WebSocketControllerTest" tests="1" skipped="0" failures="0" errors="0" timestamp="2025-05-13T17:04:58.380Z" hostname="DESKTOP-QV0J5T4" time="8.778">
  <properties/>
  <testcase name="testHandleText()" classname="com.example.publicdatanotification.websocket.controller.WebSocketControllerTest" time="8.778"/>
  <system-out><![CDATA[02:04:46.105 [Test worker] INFO org.springframework.test.context.support.AnnotationConfigContextLoaderUtils -- Could not detect default configuration classes for test class [com.example.publicdatanotification.websocket.controller.WebSocketControllerTest]: WebSocketControllerTest does not declare any static, non-private, non-final, nested classes annotated with @Configuration.
02:04:46.389 [Test worker] INFO org.springframework.boot.test.context.SpringBootTestContextBootstrapper -- Found @SpringBootConfiguration com.example.publicdatanotification.PublicDataNotificationApplication for test class com.example.publicdatanotification.websocket.controller.WebSocketControllerTest

  .   ____          _            __ _ _
 /\\ / ___'_ __ _ _(_)_ __  __ _ \ \ \ \
( ( )\___ | '_ | '_| | '_ \/ _` | \ \ \ \
 \\/  ___)| |_)| | | | | || (_| |  ) ) ) )
  '  |____| .__|_| |_|_| |_\__, | / / / /
 =========|_|==============|___/=/_/_/_/

 :: Spring Boot ::                (v3.4.5)

2025-05-14T02:04:47.407+09:00  INFO 8272 --- [public-data-notification] [    Test worker] c.e.p.w.c.WebSocketControllerTest        : Starting WebSocketControllerTest using Java 17.0.15 with PID 8272 (started by user in C:\Users\user\IdeaProjects\public-data-notification)
2025-05-14T02:04:47.407+09:00  INFO 8272 --- [public-data-notification] [    Test worker] c.e.p.w.c.WebSocketControllerTest        : No active profile set, falling back to 1 default profile: "default"
2025-05-14T02:04:48.988+09:00  INFO 8272 --- [public-data-notification] [    Test worker] .s.d.r.c.RepositoryConfigurationDelegate : Bootstrapping Spring Data JPA repositories in DEFAULT mode.
2025-05-14T02:04:49.183+09:00  INFO 8272 --- [public-data-notification] [    Test worker] .s.d.r.c.RepositoryConfigurationDelegate : Finished Spring Data repository scanning in 156 ms. Found 5 JPA repository interfaces.
2025-05-14T02:04:50.256+09:00  INFO 8272 --- [public-data-notification] [    Test worker] o.hibernate.jpa.internal.util.LogHelper  : HHH000204: Processing PersistenceUnitInfo [name: default]
2025-05-14T02:04:50.364+09:00  INFO 8272 --- [public-data-notification] [    Test worker] org.hibernate.Version                    : HHH000412: Hibernate ORM core version 6.6.13.Final
2025-05-14T02:04:50.436+09:00  INFO 8272 --- [public-data-notification] [    Test worker] o.h.c.internal.RegionFactoryInitiator    : HHH000026: Second-level cache disabled
2025-05-14T02:04:51.006+09:00  INFO 8272 --- [public-data-notification] [    Test worker] o.s.o.j.p.SpringPersistenceUnitInfo      : No LoadTimeWeaver setup: ignoring JPA class transformer
2025-05-14T02:04:51.068+09:00  INFO 8272 --- [public-data-notification] [    Test worker] com.zaxxer.hikari.HikariDataSource       : HikariPool-1 - Starting...
2025-05-14T02:04:51.361+09:00  INFO 8272 --- [public-data-notification] [    Test worker] com.zaxxer.hikari.pool.HikariPool        : HikariPool-1 - Added connection conn0: url=jdbc:h2:mem:db user=SA
2025-05-14T02:04:51.377+09:00  INFO 8272 --- [public-data-notification] [    Test worker] com.zaxxer.hikari.HikariDataSource       : HikariPool-1 - Start completed.
2025-05-14T02:04:51.422+09:00  WARN 8272 --- [public-data-notification] [    Test worker] org.hibernate.orm.deprecation            : HHH90000025: H2Dialect does not need to be specified explicitly using 'hibernate.dialect' (remove the property setting and it will be selected by default)
2025-05-14T02:04:51.470+09:00  INFO 8272 --- [public-data-notification] [    Test worker] org.hibernate.orm.connections.pooling    : HHH10001005: Database info:
	Database JDBC URL [Connecting through datasource 'HikariDataSource (HikariPool-1)']
	Database driver: undefined/unknown
	Database version: 2.3.232
	Autocommit mode: undefined/unknown
	Isolation level: undefined/unknown
	Minimum pool size: undefined/unknown
	Maximum pool size: undefined/unknown
2025-05-14T02:04:53.098+09:00  INFO 8272 --- [public-data-notification] [    Test worker] o.h.e.t.j.p.i.JtaPlatformInitiator       : HHH000489: No JTA platform available (set 'hibernate.transaction.jta.platform' to enable JTA platform integration)
2025-05-14T02:04:53.225+09:00  INFO 8272 --- [public-data-notification] [    Test worker] j.LocalContainerEntityManagerFactoryBean : Initialized JPA EntityManagerFactory for persistence unit 'default'
2025-05-14T02:04:54.250+09:00  INFO 8272 --- [public-data-notification] [    Test worker] o.s.d.j.r.query.QueryEnhancerFactory     : Hibernate is in classpath; If applicable, HQL parser will be used.
2025-05-14T02:04:56.921+09:00  WARN 8272 --- [public-data-notification] [    Test worker] JpaBaseConfiguration$JpaWebConfiguration : spring.jpa.open-in-view is enabled by default. Therefore, database queries may be performed during view rendering. Explicitly configure spring.jpa.open-in-view to disable this warning
2025-05-14T02:04:58.267+09:00  INFO 8272 --- [public-data-notification] [    Test worker] c.e.p.w.c.WebSocketControllerTest        : Started WebSocketControllerTest in 11.583 seconds (process running for 13.664)
LocationDataResponse[nx=61, ny=120]
]]></system-out>
  <system-err><![CDATA[]]></system-err>
</testsuite>
