<?xml version="1.0" encoding="UTF-8"?>
<testsuite name="com.example.publicdatanotification.open_api.OpenApiConnectionTest" tests="3" skipped="0" failures="0" errors="0" timestamp="2025-08-14T12:05:18.539Z" hostname="jeongjaeyun-ui-MacBookAir.local" time="0.645">
  <properties/>
  <testcase name="testRainOpenApiConnection()" classname="com.example.publicdatanotification.open_api.OpenApiConnectionTest" time="0.53"/>
  <testcase name="testDustOpenApiConnection()" classname="com.example.publicdatanotification.open_api.OpenApiConnectionTest" time="0.073"/>
  <testcase name="testDustStatusForZone()" classname="com.example.publicdatanotification.open_api.OpenApiConnectionTest" time="0.04"/>
  <system-out><![CDATA[2025-08-14T21:05:18.534+09:00  INFO 46111 --- [public-data-notification] [    Test worker] t.c.s.AnnotationConfigContextLoaderUtils : Could not detect default configuration classes for test class [com.example.publicdatanotification.open_api.OpenApiConnectionTest]: OpenApiConnectionTest does not declare any static, non-private, non-final, nested classes annotated with @Configuration.
2025-08-14T21:05:18.538+09:00  INFO 46111 --- [public-data-notification] [    Test worker] .b.t.c.SpringBootTestContextBootstrapper : Found @SpringBootConfiguration com.example.publicdatanotification.PublicDataNotificationApplication for test class com.example.publicdatanotification.open_api.OpenApiConnectionTest
2025-08-14T21:05:18.541+09:00  INFO 46111 --- [public-data-notification] [    Test worker] c.e.p.open_api.OpenApiConnection         : 위도 : 127, 경도: 55
2025-08-14T21:05:18.545+09:00  INFO 46111 --- [public-data-notification] [    Test worker] c.e.p.open_api.OpenApiConnection         : 2030
2025-08-14T21:05:18.864+09:00  INFO 46111 --- [public-data-notification] [    Test worker] c.e.p.open_api.OpenApiConnection         : {"response":{"header":{"resultCode":"00","resultMsg":"NORMAL_SERVICE"},"body":{"dataType":"JSON","items":{"item":[{"baseDate":"20250814","baseTime":"2030","category":"LGT","fcstDate":"20250814","fcstTime":"2100","fcstValue":"0","nx":55,"ny":127},{"baseDate":"20250814","baseTime":"2030","category":"LGT","fcstDate":"20250814","fcstTime":"2200","fcstValue":"0","nx":55,"ny":127},{"baseDate":"20250814","baseTime":"2030","category":"LGT","fcstDate":"20250814","fcstTime":"2300","fcstValue":"0","nx":55,"ny":127},{"baseDate":"20250814","baseTime":"2030","category":"LGT","fcstDate":"20250815","fcstTime":"0000","fcstValue":"0","nx":55,"ny":127},{"baseDate":"20250814","baseTime":"2030","category":"LGT","fcstDate":"20250815","fcstTime":"0100","fcstValue":"0","nx":55,"ny":127},{"baseDate":"20250814","baseTime":"2030","category":"LGT","fcstDate":"20250815","fcstTime":"0200","fcstValue":"0","nx":55,"ny":127},{"baseDate":"20250814","baseTime":"2030","category":"PTY","fcstDate":"20250814","fcstTime":"2100","fcstValue":"0","nx":55,"ny":127},{"baseDate":"20250814","baseTime":"2030","category":"PTY","fcstDate":"20250814","fcstTime":"2200","fcstValue":"0","nx":55,"ny":127},{"baseDate":"20250814","baseTime":"2030","category":"PTY","fcstDate":"20250814","fcstTime":"2300","fcstValue":"0","nx":55,"ny":127},{"baseDate":"20250814","baseTime":"2030","category":"PTY","fcstDate":"20250815","fcstTime":"0000","fcstValue":"0","nx":55,"ny":127},{"baseDate":"20250814","baseTime":"2030","category":"PTY","fcstDate":"20250815","fcstTime":"0100","fcstValue":"0","nx":55,"ny":127},{"baseDate":"20250814","baseTime":"2030","category":"PTY","fcstDate":"20250815","fcstTime":"0200","fcstValue":"0","nx":55,"ny":127},{"baseDate":"20250814","baseTime":"2030","category":"RN1","fcstDate":"20250814","fcstTime":"2100","fcstValue":"강수없음","nx":55,"ny":127},{"baseDate":"20250814","baseTime":"2030","category":"RN1","fcstDate":"20250814","fcstTime":"2200","fcstValue":"강수없음","nx":55,"ny":127},{"baseDate":"20250814","baseTime":"2030","category":"RN1","fcstDate":"20250814","fcstTime":"2300","fcstValue":"강수없음","nx":55,"ny":127},{"baseDate":"20250814","baseTime":"2030","category":"RN1","fcstDate":"20250815","fcstTime":"0000","fcstValue":"강수없음","nx":55,"ny":127},{"baseDate":"20250814","baseTime":"2030","category":"RN1","fcstDate":"20250815","fcstTime":"0100","fcstValue":"강수없음","nx":55,"ny":127},{"baseDate":"20250814","baseTime":"2030","category":"RN1","fcstDate":"20250815","fcstTime":"0200","fcstValue":"강수없음","nx":55,"ny":127},{"baseDate":"20250814","baseTime":"2030","category":"SKY","fcstDate":"20250814","fcstTime":"2100","fcstValue":"1","nx":55,"ny":127},{"baseDate":"20250814","baseTime":"2030","category":"SKY","fcstDate":"20250814","fcstTime":"2200","fcstValue":"1","nx":55,"ny":127},{"baseDate":"20250814","baseTime":"2030","category":"SKY","fcstDate":"20250814","fcstTime":"2300","fcstValue":"1","nx":55,"ny":127},{"baseDate":"20250814","baseTime":"2030","category":"SKY","fcstDate":"20250815","fcstTime":"0000","fcstValue":"1","nx":55,"ny":127},{"baseDate":"20250814","baseTime":"2030","category":"SKY","fcstDate":"20250815","fcstTime":"0100","fcstValue":"1","nx":55,"ny":127},{"baseDate":"20250814","baseTime":"2030","category":"SKY","fcstDate":"20250815","fcstTime":"0200","fcstValue":"1","nx":55,"ny":127},{"baseDate":"20250814","baseTime":"2030","category":"T1H","fcstDate":"20250814","fcstTime":"2100","fcstValue":"25","nx":55,"ny":127},{"baseDate":"20250814","baseTime":"2030","category":"T1H","fcstDate":"20250814","fcstTime":"2200","fcstValue":"25","nx":55,"ny":127},{"baseDate":"20250814","baseTime":"2030","category":"T1H","fcstDate":"20250814","fcstTime":"2300","fcstValue":"25","nx":55,"ny":127},{"baseDate":"20250814","baseTime":"2030","category":"T1H","fcstDate":"20250815","fcstTime":"0000","fcstValue":"25","nx":55,"ny":127},{"baseDate":"20250814","baseTime":"2030","category":"T1H","fcstDate":"20250815","fcstTime":"0100","fcstValue":"25","nx":55,"ny":127},{"baseDate":"20250814","baseTime":"2030","category":"T1H","fcstDate":"20250815","fcstTime":"0200","fcstValue":"25","nx":55,"ny":127},{"baseDate":"20250814","baseTime":"2030","category":"REH","fcstDate":"20250814","fcstTime":"2100","fcstValue":"95","nx":55,"ny":127},{"baseDate":"20250814","baseTime":"2030","category":"REH","fcstDate":"20250814","fcstTime":"2200","fcstValue":"100","nx":55,"ny":127},{"baseDate":"20250814","baseTime":"2030","category":"REH","fcstDate":"20250814","fcstTime":"2300","fcstValue":"100","nx":55,"ny":127},{"baseDate":"20250814","baseTime":"2030","category":"REH","fcstDate":"20250815","fcstTime":"0000","fcstValue":"100","nx":55,"ny":127},{"baseDate":"20250814","baseTime":"2030","category":"REH","fcstDate":"20250815","fcstTime":"0100","fcstValue":"100","nx":55,"ny":127},{"baseDate":"20250814","baseTime":"2030","category":"REH","fcstDate":"20250815","fcstTime":"0200","fcstValue":"100","nx":55,"ny":127},{"baseDate":"20250814","baseTime":"2030","category":"UUU","fcstDate":"20250814","fcstTime":"2100","fcstValue":"0.3","nx":55,"ny":127},{"baseDate":"20250814","baseTime":"2030","category":"UUU","fcstDate":"20250814","fcstTime":"2200","fcstValue":"0.2","nx":55,"ny":127},{"baseDate":"20250814","baseTime":"2030","category":"UUU","fcstDate":"20250814","fcstTime":"2300","fcstValue":"0","nx":55,"ny":127},{"baseDate":"20250814","baseTime":"2030","category":"UUU","fcstDate":"20250815","fcstTime":"0000","fcstValue":"0","nx":55,"ny":127},{"baseDate":"20250814","baseTime":"2030","category":"UUU","fcstDate":"20250815","fcstTime":"0100","fcstValue":"0.3","nx":55,"ny":127},{"baseDate":"20250814","baseTime":"2030","category":"UUU","fcstDate":"20250815","fcstTime":"0200","fcstValue":"0","nx":55,"ny":127},{"baseDate":"20250814","baseTime":"2030","category":"VVV","fcstDate":"20250814","fcstTime":"2100","fcstValue":"0.5","nx":55,"ny":127},{"baseDate":"20250814","baseTime":"2030","category":"VVV","fcstDate":"20250814","fcstTime":"2200","fcstValue":"0.6","nx":55,"ny":127},{"baseDate":"20250814","baseTime":"2030","category":"VVV","fcstDate":"20250814","fcstTime":"2300","fcstValue":"0.6","nx":55,"ny":127},{"baseDate":"20250814","baseTime":"2030","category":"VVV","fcstDate":"20250815","fcstTime":"0000","fcstValue":"0.7","nx":55,"ny":127},{"baseDate":"20250814","baseTime":"2030","category":"VVV","fcstDate":"20250815","fcstTime":"0100","fcstValue":"0.6","nx":55,"ny":127},{"baseDate":"20250814","baseTime":"2030","category":"VVV","fcstDate":"20250815","fcstTime":"0200","fcstValue":"0.8","nx":55,"ny":127},{"baseDate":"20250814","baseTime":"2030","category":"VEC","fcstDate":"20250814","fcstTime":"2100","fcstValue":"213","nx":55,"ny":127},{"baseDate":"20250814","baseTime":"2030","category":"VEC","fcstDate":"20250814","fcstTime":"2200","fcstValue":"200","nx":55,"ny":127},{"baseDate":"20250814","baseTime":"2030","category":"VEC","fcstDate":"20250814","fcstTime":"2300","fcstValue":"179","nx":55,"ny":127},{"baseDate":"20250814","baseTime":"2030","category":"VEC","fcstDate":"20250815","fcstTime":"0000","fcstValue":"175","nx":55,"ny":127},{"baseDate":"20250814","baseTime":"2030","category":"VEC","fcstDate":"20250815","fcstTime":"0100","fcstValue":"208","nx":55,"ny":127},{"baseDate":"20250814","baseTime":"2030","category":"VEC","fcstDate":"20250815","fcstTime":"0200","fcstValue":"173","nx":55,"ny":127},{"baseDate":"20250814","baseTime":"2030","category":"WSD","fcstDate":"20250814","fcstTime":"2100","fcstValue":"1","nx":55,"ny":127},{"baseDate":"20250814","baseTime":"2030","category":"WSD","fcstDate":"20250814","fcstTime":"2200","fcstValue":"1","nx":55,"ny":127},{"baseDate":"20250814","baseTime":"2030","category":"WSD","fcstDate":"20250814","fcstTime":"2300","fcstValue":"1","nx":55,"ny":127},{"baseDate":"20250814","baseTime":"2030","category":"WSD","fcstDate":"20250815","fcstTime":"0000","fcstValue":"1","nx":55,"ny":127},{"baseDate":"20250814","baseTime":"2030","category":"WSD","fcstDate":"20250815","fcstTime":"0100","fcstValue":"1","nx":55,"ny":127},{"baseDate":"20250814","baseTime":"2030","category":"WSD","fcstDate":"20250815","fcstTime":"0200","fcstValue":"1","nx":55,"ny":127}]},"pageNo":1,"numOfRows":60,"totalCount":60}}}
testOpenApiConnection 결과: [com.example.publicdatanotification.open_api.domain.dust.domain.DustDataDto@7f09b3aa]
testDustStatusForZone 결과: 좋음
]]></system-out>
  <system-err><![CDATA[]]></system-err>
</testsuite>
