<?xml version="1.0" encoding="UTF-8"?>
<testsuite name="com.example.publicdatanotification.open_api.OpenApiConnectionTest" tests="3" skipped="0" failures="0" errors="0" timestamp="2025-08-14T07:32:38.971Z" hostname="jeongjaeyun-ui-MacBookAir.local" time="1.242">
  <properties/>
  <testcase name="testRainOpenApiConnection()" classname="com.example.publicdatanotification.open_api.OpenApiConnectionTest" time="0.879"/>
  <testcase name="testDustOpenApiConnection()" classname="com.example.publicdatanotification.open_api.OpenApiConnectionTest" time="0.255"/>
  <testcase name="testDustStatusForZone()" classname="com.example.publicdatanotification.open_api.OpenApiConnectionTest" time="0.106"/>
  <system-out><![CDATA[2025-08-14T16:32:38.965+09:00  INFO 18123 --- [public-data-notification] [    Test worker] t.c.s.AnnotationConfigContextLoaderUtils : Could not detect default configuration classes for test class [com.example.publicdatanotification.open_api.OpenApiConnectionTest]: OpenApiConnectionTest does not declare any static, non-private, non-final, nested classes annotated with @Configuration.
2025-08-14T16:32:38.970+09:00  INFO 18123 --- [public-data-notification] [    Test worker] .b.t.c.SpringBootTestContextBootstrapper : Found @SpringBootConfiguration com.example.publicdatanotification.PublicDataNotificationApplication for test class com.example.publicdatanotification.open_api.OpenApiConnectionTest
2025-08-14T16:32:38.973+09:00  INFO 18123 --- [public-data-notification] [    Test worker] c.e.p.open_api.OpenApiConnection         : 위도 : 127, 경도: 55
2025-08-14T16:32:38.976+09:00  INFO 18123 --- [public-data-notification] [    Test worker] c.e.p.open_api.OpenApiConnection         : 1630
2025-08-14T16:32:39.652+09:00  INFO 18123 --- [public-data-notification] [    Test worker] c.e.p.open_api.OpenApiConnection         : {"response":{"header":{"resultCode":"00","resultMsg":"NORMAL_SERVICE"},"body":{"dataType":"JSON","items":{"item":[{"baseDate":"20250814","baseTime":"1630","category":"LGT","fcstDate":"20250814","fcstTime":"1700","fcstValue":"0","nx":55,"ny":127},{"baseDate":"20250814","baseTime":"1630","category":"LGT","fcstDate":"20250814","fcstTime":"1800","fcstValue":"0","nx":55,"ny":127},{"baseDate":"20250814","baseTime":"1630","category":"LGT","fcstDate":"20250814","fcstTime":"1900","fcstValue":"0","nx":55,"ny":127},{"baseDate":"20250814","baseTime":"1630","category":"LGT","fcstDate":"20250814","fcstTime":"2000","fcstValue":"0","nx":55,"ny":127},{"baseDate":"20250814","baseTime":"1630","category":"LGT","fcstDate":"20250814","fcstTime":"2100","fcstValue":"0","nx":55,"ny":127},{"baseDate":"20250814","baseTime":"1630","category":"LGT","fcstDate":"20250814","fcstTime":"2200","fcstValue":"0","nx":55,"ny":127},{"baseDate":"20250814","baseTime":"1630","category":"PTY","fcstDate":"20250814","fcstTime":"1700","fcstValue":"0","nx":55,"ny":127},{"baseDate":"20250814","baseTime":"1630","category":"PTY","fcstDate":"20250814","fcstTime":"1800","fcstValue":"0","nx":55,"ny":127},{"baseDate":"20250814","baseTime":"1630","category":"PTY","fcstDate":"20250814","fcstTime":"1900","fcstValue":"0","nx":55,"ny":127},{"baseDate":"20250814","baseTime":"1630","category":"PTY","fcstDate":"20250814","fcstTime":"2000","fcstValue":"0","nx":55,"ny":127},{"baseDate":"20250814","baseTime":"1630","category":"PTY","fcstDate":"20250814","fcstTime":"2100","fcstValue":"0","nx":55,"ny":127},{"baseDate":"20250814","baseTime":"1630","category":"PTY","fcstDate":"20250814","fcstTime":"2200","fcstValue":"0","nx":55,"ny":127},{"baseDate":"20250814","baseTime":"1630","category":"RN1","fcstDate":"20250814","fcstTime":"1700","fcstValue":"강수없음","nx":55,"ny":127},{"baseDate":"20250814","baseTime":"1630","category":"RN1","fcstDate":"20250814","fcstTime":"1800","fcstValue":"강수없음","nx":55,"ny":127},{"baseDate":"20250814","baseTime":"1630","category":"RN1","fcstDate":"20250814","fcstTime":"1900","fcstValue":"강수없음","nx":55,"ny":127},{"baseDate":"20250814","baseTime":"1630","category":"RN1","fcstDate":"20250814","fcstTime":"2000","fcstValue":"강수없음","nx":55,"ny":127},{"baseDate":"20250814","baseTime":"1630","category":"RN1","fcstDate":"20250814","fcstTime":"2100","fcstValue":"강수없음","nx":55,"ny":127},{"baseDate":"20250814","baseTime":"1630","category":"RN1","fcstDate":"20250814","fcstTime":"2200","fcstValue":"강수없음","nx":55,"ny":127},{"baseDate":"20250814","baseTime":"1630","category":"SKY","fcstDate":"20250814","fcstTime":"1700","fcstValue":"4","nx":55,"ny":127},{"baseDate":"20250814","baseTime":"1630","category":"SKY","fcstDate":"20250814","fcstTime":"1800","fcstValue":"4","nx":55,"ny":127},{"baseDate":"20250814","baseTime":"1630","category":"SKY","fcstDate":"20250814","fcstTime":"1900","fcstValue":"3","nx":55,"ny":127},{"baseDate":"20250814","baseTime":"1630","category":"SKY","fcstDate":"20250814","fcstTime":"2000","fcstValue":"4","nx":55,"ny":127},{"baseDate":"20250814","baseTime":"1630","category":"SKY","fcstDate":"20250814","fcstTime":"2100","fcstValue":"4","nx":55,"ny":127},{"baseDate":"20250814","baseTime":"1630","category":"SKY","fcstDate":"20250814","fcstTime":"2200","fcstValue":"4","nx":55,"ny":127},{"baseDate":"20250814","baseTime":"1630","category":"T1H","fcstDate":"20250814","fcstTime":"1700","fcstValue":"27","nx":55,"ny":127},{"baseDate":"20250814","baseTime":"1630","category":"T1H","fcstDate":"20250814","fcstTime":"1800","fcstValue":"26","nx":55,"ny":127},{"baseDate":"20250814","baseTime":"1630","category":"T1H","fcstDate":"20250814","fcstTime":"1900","fcstValue":"25","nx":55,"ny":127},{"baseDate":"20250814","baseTime":"1630","category":"T1H","fcstDate":"20250814","fcstTime":"2000","fcstValue":"25","nx":55,"ny":127},{"baseDate":"20250814","baseTime":"1630","category":"T1H","fcstDate":"20250814","fcstTime":"2100","fcstValue":"25","nx":55,"ny":127},{"baseDate":"20250814","baseTime":"1630","category":"T1H","fcstDate":"20250814","fcstTime":"2200","fcstValue":"25","nx":55,"ny":127},{"baseDate":"20250814","baseTime":"1630","category":"REH","fcstDate":"20250814","fcstTime":"1700","fcstValue":"90","nx":55,"ny":127},{"baseDate":"20250814","baseTime":"1630","category":"REH","fcstDate":"20250814","fcstTime":"1800","fcstValue":"85","nx":55,"ny":127},{"baseDate":"20250814","baseTime":"1630","category":"REH","fcstDate":"20250814","fcstTime":"1900","fcstValue":"90","nx":55,"ny":127},{"baseDate":"20250814","baseTime":"1630","category":"REH","fcstDate":"20250814","fcstTime":"2000","fcstValue":"90","nx":55,"ny":127},{"baseDate":"20250814","baseTime":"1630","category":"REH","fcstDate":"20250814","fcstTime":"2100","fcstValue":"95","nx":55,"ny":127},{"baseDate":"20250814","baseTime":"1630","category":"REH","fcstDate":"20250814","fcstTime":"2200","fcstValue":"95","nx":55,"ny":127},{"baseDate":"20250814","baseTime":"1630","category":"UUU","fcstDate":"20250814","fcstTime":"1700","fcstValue":"0.8","nx":55,"ny":127},{"baseDate":"20250814","baseTime":"1630","category":"UUU","fcstDate":"20250814","fcstTime":"1800","fcstValue":"0.3","nx":55,"ny":127},{"baseDate":"20250814","baseTime":"1630","category":"UUU","fcstDate":"20250814","fcstTime":"1900","fcstValue":"0.2","nx":55,"ny":127},{"baseDate":"20250814","baseTime":"1630","category":"UUU","fcstDate":"20250814","fcstTime":"2000","fcstValue":"0","nx":55,"ny":127},{"baseDate":"20250814","baseTime":"1630","category":"UUU","fcstDate":"20250814","fcstTime":"2100","fcstValue":"0.1","nx":55,"ny":127},{"baseDate":"20250814","baseTime":"1630","category":"UUU","fcstDate":"20250814","fcstTime":"2200","fcstValue":"0.1","nx":55,"ny":127},{"baseDate":"20250814","baseTime":"1630","category":"VVV","fcstDate":"20250814","fcstTime":"1700","fcstValue":"0.8","nx":55,"ny":127},{"baseDate":"20250814","baseTime":"1630","category":"VVV","fcstDate":"20250814","fcstTime":"1800","fcstValue":"0.3","nx":55,"ny":127},{"baseDate":"20250814","baseTime":"1630","category":"VVV","fcstDate":"20250814","fcstTime":"1900","fcstValue":"0.2","nx":55,"ny":127},{"baseDate":"20250814","baseTime":"1630","category":"VVV","fcstDate":"20250814","fcstTime":"2000","fcstValue":"0.4","nx":55,"ny":127},{"baseDate":"20250814","baseTime":"1630","category":"VVV","fcstDate":"20250814","fcstTime":"2100","fcstValue":"0.6","nx":55,"ny":127},{"baseDate":"20250814","baseTime":"1630","category":"VVV","fcstDate":"20250814","fcstTime":"2200","fcstValue":"0.8","nx":55,"ny":127},{"baseDate":"20250814","baseTime":"1630","category":"VEC","fcstDate":"20250814","fcstTime":"1700","fcstValue":"226","nx":55,"ny":127},{"baseDate":"20250814","baseTime":"1630","category":"VEC","fcstDate":"20250814","fcstTime":"1800","fcstValue":"224","nx":55,"ny":127},{"baseDate":"20250814","baseTime":"1630","category":"VEC","fcstDate":"20250814","fcstTime":"1900","fcstValue":"213","nx":55,"ny":127},{"baseDate":"20250814","baseTime":"1630","category":"VEC","fcstDate":"20250814","fcstTime":"2000","fcstValue":"187","nx":55,"ny":127},{"baseDate":"20250814","baseTime":"1630","category":"VEC","fcstDate":"20250814","fcstTime":"2100","fcstValue":"188","nx":55,"ny":127},{"baseDate":"20250814","baseTime":"1630","category":"VEC","fcstDate":"20250814","fcstTime":"2200","fcstValue":"187","nx":55,"ny":127},{"baseDate":"20250814","baseTime":"1630","category":"WSD","fcstDate":"20250814","fcstTime":"1700","fcstValue":"1","nx":55,"ny":127},{"baseDate":"20250814","baseTime":"1630","category":"WSD","fcstDate":"20250814","fcstTime":"1800","fcstValue":"0","nx":55,"ny":127},{"baseDate":"20250814","baseTime":"1630","category":"WSD","fcstDate":"20250814","fcstTime":"1900","fcstValue":"0","nx":55,"ny":127},{"baseDate":"20250814","baseTime":"1630","category":"WSD","fcstDate":"20250814","fcstTime":"2000","fcstValue":"0","nx":55,"ny":127},{"baseDate":"20250814","baseTime":"1630","category":"WSD","fcstDate":"20250814","fcstTime":"2100","fcstValue":"1","nx":55,"ny":127},{"baseDate":"20250814","baseTime":"1630","category":"WSD","fcstDate":"20250814","fcstTime":"2200","fcstValue":"1","nx":55,"ny":127}]},"pageNo":1,"numOfRows":60,"totalCount":60}}}
testOpenApiConnection 결과: [com.example.publicdatanotification.open_api.domain.dust.domain.DustDataDto@45354715]
testDustStatusForZone 결과: 좋음
]]></system-out>
  <system-err><![CDATA[]]></system-err>
</testsuite>
