<?xml version="1.0" encoding="UTF-8"?>
<testsuite name="com.example.publicdatanotification.open_api.OpenApiConnectionTest" tests="1" skipped="0" failures="1" errors="0" timestamp="2025-05-15T11:07:42.783Z" hostname="DESKTOP-QV0J5T4" time="1.663">
  <properties/>
  <testcase name="testRainOpenApiConnection()" classname="com.example.publicdatanotification.open_api.OpenApiConnectionTest" time="1.663">
    <failure message="java.lang.NullPointerException: Cannot invoke &quot;com.example.publicdatanotification.open_api.RainDataResponse$Response$Body.getItems()&quot; because the return value of &quot;com.example.publicdatanotification.open_api.RainDataResponse$Response.getBody()&quot; is null" type="java.lang.NullPointerException">java.lang.NullPointerException: Cannot invoke &quot;com.example.publicdatanotification.open_api.RainDataResponse$Response$Body.getItems()&quot; because the return value of &quot;com.example.publicdatanotification.open_api.RainDataResponse$Response.getBody()&quot; is null
	at com.example.publicdatanotification.open_api.OpenApiConnection.getRainData(OpenApiConnection.java:52)
	at com.example.publicdatanotification.open_api.OpenApiConnectionTest.testRainOpenApiConnection(OpenApiConnectionTest.java:26)
	at java.base/java.lang.reflect.Method.invoke(Method.java:569)
	at java.base/java.util.ArrayList.forEach(ArrayList.java:1511)
	at java.base/java.util.ArrayList.forEach(ArrayList.java:1511)
</failure>
  </testcase>
  <system-out><![CDATA[20:07:30.482 [Test worker] INFO org.springframework.test.context.support.AnnotationConfigContextLoaderUtils -- Could not detect default configuration classes for test class [com.example.publicdatanotification.open_api.OpenApiConnectionTest]: OpenApiConnectionTest does not declare any static, non-private, non-final, nested classes annotated with @Configuration.
20:07:30.810 [Test worker] INFO org.springframework.boot.test.context.SpringBootTestContextBootstrapper -- Found @SpringBootConfiguration com.example.publicdatanotification.PublicDataNotificationApplication for test class com.example.publicdatanotification.open_api.OpenApiConnectionTest

  .   ____          _            __ _ _
 /\\ / ___'_ __ _ _(_)_ __  __ _ \ \ \ \
( ( )\___ | '_ | '_| | '_ \/ _` | \ \ \ \
 \\/  ___)| |_)| | | | | || (_| |  ) ) ) )
  '  |____| .__|_| |_|_| |_\__, | / / / /
 =========|_|==============|___/=/_/_/_/

 :: Spring Boot ::                (v3.4.5)

2025-05-15T20:07:32.081+09:00  INFO 15220 --- [public-data-notification] [    Test worker] c.e.p.open_api.OpenApiConnectionTest     : Starting OpenApiConnectionTest using Java 17.0.15 with PID 15220 (started by user in C:\Users\user\IdeaProjects\public-data-notification)
2025-05-15T20:07:32.081+09:00  INFO 15220 --- [public-data-notification] [    Test worker] c.e.p.open_api.OpenApiConnectionTest     : No active profile set, falling back to 1 default profile: "default"
2025-05-15T20:07:33.596+09:00  INFO 15220 --- [public-data-notification] [    Test worker] .s.d.r.c.RepositoryConfigurationDelegate : Bootstrapping Spring Data JPA repositories in DEFAULT mode.
2025-05-15T20:07:33.753+09:00  INFO 15220 --- [public-data-notification] [    Test worker] .s.d.r.c.RepositoryConfigurationDelegate : Finished Spring Data repository scanning in 136 ms. Found 5 JPA repository interfaces.
2025-05-15T20:07:34.870+09:00  INFO 15220 --- [public-data-notification] [    Test worker] o.hibernate.jpa.internal.util.LogHelper  : HHH000204: Processing PersistenceUnitInfo [name: default]
2025-05-15T20:07:34.980+09:00  INFO 15220 --- [public-data-notification] [    Test worker] org.hibernate.Version                    : HHH000412: Hibernate ORM core version 6.6.13.Final
2025-05-15T20:07:35.063+09:00  INFO 15220 --- [public-data-notification] [    Test worker] o.h.c.internal.RegionFactoryInitiator    : HHH000026: Second-level cache disabled
2025-05-15T20:07:35.724+09:00  INFO 15220 --- [public-data-notification] [    Test worker] o.s.o.j.p.SpringPersistenceUnitInfo      : No LoadTimeWeaver setup: ignoring JPA class transformer
2025-05-15T20:07:35.768+09:00  INFO 15220 --- [public-data-notification] [    Test worker] com.zaxxer.hikari.HikariDataSource       : HikariPool-1 - Starting...
2025-05-15T20:07:36.019+09:00  INFO 15220 --- [public-data-notification] [    Test worker] com.zaxxer.hikari.pool.HikariPool        : HikariPool-1 - Added connection conn0: url=jdbc:h2:mem:db user=SA
2025-05-15T20:07:36.028+09:00  INFO 15220 --- [public-data-notification] [    Test worker] com.zaxxer.hikari.HikariDataSource       : HikariPool-1 - Start completed.
2025-05-15T20:07:36.098+09:00  WARN 15220 --- [public-data-notification] [    Test worker] org.hibernate.orm.deprecation            : HHH90000025: H2Dialect does not need to be specified explicitly using 'hibernate.dialect' (remove the property setting and it will be selected by default)
2025-05-15T20:07:36.171+09:00  INFO 15220 --- [public-data-notification] [    Test worker] org.hibernate.orm.connections.pooling    : HHH10001005: Database info:
	Database JDBC URL [Connecting through datasource 'HikariDataSource (HikariPool-1)']
	Database driver: undefined/unknown
	Database version: 2.3.232
	Autocommit mode: undefined/unknown
	Isolation level: undefined/unknown
	Minimum pool size: undefined/unknown
	Maximum pool size: undefined/unknown
2025-05-15T20:07:37.940+09:00  INFO 15220 --- [public-data-notification] [    Test worker] o.h.e.t.j.p.i.JtaPlatformInitiator       : HHH000489: No JTA platform available (set 'hibernate.transaction.jta.platform' to enable JTA platform integration)
2025-05-15T20:07:38.018+09:00  INFO 15220 --- [public-data-notification] [    Test worker] j.LocalContainerEntityManagerFactoryBean : Initialized JPA EntityManagerFactory for persistence unit 'default'
2025-05-15T20:07:38.749+09:00  INFO 15220 --- [public-data-notification] [    Test worker] o.s.d.j.r.query.QueryEnhancerFactory     : Hibernate is in classpath; If applicable, HQL parser will be used.
2025-05-15T20:07:41.432+09:00  WARN 15220 --- [public-data-notification] [    Test worker] JpaBaseConfiguration$JpaWebConfiguration : spring.jpa.open-in-view is enabled by default. Therefore, database queries may be performed during view rendering. Explicitly configure spring.jpa.open-in-view to disable this warning
2025-05-15T20:07:42.705+09:00  INFO 15220 --- [public-data-notification] [    Test worker] c.e.p.open_api.OpenApiConnectionTest     : Started OpenApiConnectionTest in 11.626 seconds (process running for 13.731)
2025-05-15T20:07:43.702+09:00  INFO 15220 --- [public-data-notification] [    Test worker] c.e.p.open_api.OpenApiConnection         : 1930
2025-05-15T20:07:44.266+09:00  INFO 15220 --- [public-data-notification] [    Test worker] c.e.p.open_api.OpenApiConnection         : {"response":{"header":{"resultCode":"02","resultMsg":"DB_ERROR"}}}
]]></system-out>
  <system-err><![CDATA[]]></system-err>
</testsuite>
