<?xml version="1.0" encoding="UTF-8"?>
<testsuite name="com.example.publicdatanotification.translate.MapInfoTest" tests="1" skipped="0" failures="0" errors="0" timestamp="2025-06-08T11:06:31.070Z" hostname="DESKTOP-QV0J5T4" time="0.05">
  <properties/>
  <testcase name="testTransSlatToGrid()" classname="com.example.publicdatanotification.translate.MapInfoTest" time="0.05"/>
  <system-out><![CDATA[2025-06-08T20:06:31.031+09:00  INFO 7812 --- [public-data-notification] [    Test worker] t.c.s.AnnotationConfigContextLoaderUtils : Could not detect default configuration classes for test class [com.example.publicdatanotification.translate.MapInfoTest]: MapInfoTest does not declare any static, non-private, non-final, nested classes annotated with @Configuration.
2025-06-08T20:06:31.060+09:00  INFO 7812 --- [public-data-notification] [    Test worker] .b.t.c.SpringBootTestContextBootstrapper : Found @SpringBootConfiguration com.example.publicdatanotification.PublicDataNotificationApplication for test class com.example.publicdatanotification.translate.MapInfoTest
]]></system-out>
  <system-err><![CDATA[]]></system-err>
</testsuite>
