<?xml version="1.0" encoding="UTF-8"?>
<testsuite name="com.example.publicdatanotification.open_api.OpenApiConnectionTest" tests="3" skipped="0" failures="0" errors="0" timestamp="2025-08-14T09:11:15.334Z" hostname="jeongjaeyun-ui-MacBookAir.local" time="1.705">
  <properties/>
  <testcase name="testRainOpenApiConnection()" classname="com.example.publicdatanotification.open_api.OpenApiConnectionTest" time="1.092"/>
  <testcase name="testDustOpenApiConnection()" classname="com.example.publicdatanotification.open_api.OpenApiConnectionTest" time="0.566"/>
  <testcase name="testDustStatusForZone()" classname="com.example.publicdatanotification.open_api.OpenApiConnectionTest" time="0.046"/>
  <system-out><![CDATA[2025-08-14T18:11:15.329+09:00  INFO 31556 --- [public-data-notification] [    Test worker] t.c.s.AnnotationConfigContextLoaderUtils : Could not detect default configuration classes for test class [com.example.publicdatanotification.open_api.OpenApiConnectionTest]: OpenApiConnectionTest does not declare any static, non-private, non-final, nested classes annotated with @Configuration.
2025-08-14T18:11:15.333+09:00  INFO 31556 --- [public-data-notification] [    Test worker] .b.t.c.SpringBootTestContextBootstrapper : Found @SpringBootConfiguration com.example.publicdatanotification.PublicDataNotificationApplication for test class com.example.publicdatanotification.open_api.OpenApiConnectionTest
2025-08-14T18:11:15.336+09:00  INFO 31556 --- [public-data-notification] [    Test worker] c.e.p.open_api.OpenApiConnection         : 위도 : 127, 경도: 55
2025-08-14T18:11:15.339+09:00  INFO 31556 --- [public-data-notification] [    Test worker] c.e.p.open_api.OpenApiConnection         : 1730
2025-08-14T18:11:16.240+09:00  INFO 31556 --- [public-data-notification] [    Test worker] c.e.p.open_api.OpenApiConnection         : {"response":{"header":{"resultCode":"00","resultMsg":"NORMAL_SERVICE"},"body":{"dataType":"JSON","items":{"item":[{"baseDate":"20250814","baseTime":"1730","category":"LGT","fcstDate":"20250814","fcstTime":"1800","fcstValue":"0","nx":55,"ny":127},{"baseDate":"20250814","baseTime":"1730","category":"LGT","fcstDate":"20250814","fcstTime":"1900","fcstValue":"0","nx":55,"ny":127},{"baseDate":"20250814","baseTime":"1730","category":"LGT","fcstDate":"20250814","fcstTime":"2000","fcstValue":"0","nx":55,"ny":127},{"baseDate":"20250814","baseTime":"1730","category":"LGT","fcstDate":"20250814","fcstTime":"2100","fcstValue":"0","nx":55,"ny":127},{"baseDate":"20250814","baseTime":"1730","category":"LGT","fcstDate":"20250814","fcstTime":"2200","fcstValue":"0","nx":55,"ny":127},{"baseDate":"20250814","baseTime":"1730","category":"LGT","fcstDate":"20250814","fcstTime":"2300","fcstValue":"0","nx":55,"ny":127},{"baseDate":"20250814","baseTime":"1730","category":"PTY","fcstDate":"20250814","fcstTime":"1800","fcstValue":"0","nx":55,"ny":127},{"baseDate":"20250814","baseTime":"1730","category":"PTY","fcstDate":"20250814","fcstTime":"1900","fcstValue":"0","nx":55,"ny":127},{"baseDate":"20250814","baseTime":"1730","category":"PTY","fcstDate":"20250814","fcstTime":"2000","fcstValue":"0","nx":55,"ny":127},{"baseDate":"20250814","baseTime":"1730","category":"PTY","fcstDate":"20250814","fcstTime":"2100","fcstValue":"0","nx":55,"ny":127},{"baseDate":"20250814","baseTime":"1730","category":"PTY","fcstDate":"20250814","fcstTime":"2200","fcstValue":"0","nx":55,"ny":127},{"baseDate":"20250814","baseTime":"1730","category":"PTY","fcstDate":"20250814","fcstTime":"2300","fcstValue":"0","nx":55,"ny":127},{"baseDate":"20250814","baseTime":"1730","category":"RN1","fcstDate":"20250814","fcstTime":"1800","fcstValue":"강수없음","nx":55,"ny":127},{"baseDate":"20250814","baseTime":"1730","category":"RN1","fcstDate":"20250814","fcstTime":"1900","fcstValue":"강수없음","nx":55,"ny":127},{"baseDate":"20250814","baseTime":"1730","category":"RN1","fcstDate":"20250814","fcstTime":"2000","fcstValue":"강수없음","nx":55,"ny":127},{"baseDate":"20250814","baseTime":"1730","category":"RN1","fcstDate":"20250814","fcstTime":"2100","fcstValue":"강수없음","nx":55,"ny":127},{"baseDate":"20250814","baseTime":"1730","category":"RN1","fcstDate":"20250814","fcstTime":"2200","fcstValue":"강수없음","nx":55,"ny":127},{"baseDate":"20250814","baseTime":"1730","category":"RN1","fcstDate":"20250814","fcstTime":"2300","fcstValue":"강수없음","nx":55,"ny":127},{"baseDate":"20250814","baseTime":"1730","category":"SKY","fcstDate":"20250814","fcstTime":"1800","fcstValue":"4","nx":55,"ny":127},{"baseDate":"20250814","baseTime":"1730","category":"SKY","fcstDate":"20250814","fcstTime":"1900","fcstValue":"4","nx":55,"ny":127},{"baseDate":"20250814","baseTime":"1730","category":"SKY","fcstDate":"20250814","fcstTime":"2000","fcstValue":"4","nx":55,"ny":127},{"baseDate":"20250814","baseTime":"1730","category":"SKY","fcstDate":"20250814","fcstTime":"2100","fcstValue":"4","nx":55,"ny":127},{"baseDate":"20250814","baseTime":"1730","category":"SKY","fcstDate":"20250814","fcstTime":"2200","fcstValue":"4","nx":55,"ny":127},{"baseDate":"20250814","baseTime":"1730","category":"SKY","fcstDate":"20250814","fcstTime":"2300","fcstValue":"4","nx":55,"ny":127},{"baseDate":"20250814","baseTime":"1730","category":"T1H","fcstDate":"20250814","fcstTime":"1800","fcstValue":"26","nx":55,"ny":127},{"baseDate":"20250814","baseTime":"1730","category":"T1H","fcstDate":"20250814","fcstTime":"1900","fcstValue":"25","nx":55,"ny":127},{"baseDate":"20250814","baseTime":"1730","category":"T1H","fcstDate":"20250814","fcstTime":"2000","fcstValue":"25","nx":55,"ny":127},{"baseDate":"20250814","baseTime":"1730","category":"T1H","fcstDate":"20250814","fcstTime":"2100","fcstValue":"25","nx":55,"ny":127},{"baseDate":"20250814","baseTime":"1730","category":"T1H","fcstDate":"20250814","fcstTime":"2200","fcstValue":"25","nx":55,"ny":127},{"baseDate":"20250814","baseTime":"1730","category":"T1H","fcstDate":"20250814","fcstTime":"2300","fcstValue":"25","nx":55,"ny":127},{"baseDate":"20250814","baseTime":"1730","category":"REH","fcstDate":"20250814","fcstTime":"1800","fcstValue":"85","nx":55,"ny":127},{"baseDate":"20250814","baseTime":"1730","category":"REH","fcstDate":"20250814","fcstTime":"1900","fcstValue":"90","nx":55,"ny":127},{"baseDate":"20250814","baseTime":"1730","category":"REH","fcstDate":"20250814","fcstTime":"2000","fcstValue":"90","nx":55,"ny":127},{"baseDate":"20250814","baseTime":"1730","category":"REH","fcstDate":"20250814","fcstTime":"2100","fcstValue":"95","nx":55,"ny":127},{"baseDate":"20250814","baseTime":"1730","category":"REH","fcstDate":"20250814","fcstTime":"2200","fcstValue":"100","nx":55,"ny":127},{"baseDate":"20250814","baseTime":"1730","category":"REH","fcstDate":"20250814","fcstTime":"2300","fcstValue":"100","nx":55,"ny":127},{"baseDate":"20250814","baseTime":"1730","category":"UUU","fcstDate":"20250814","fcstTime":"1800","fcstValue":"0.5","nx":55,"ny":127},{"baseDate":"20250814","baseTime":"1730","category":"UUU","fcstDate":"20250814","fcstTime":"1900","fcstValue":"-0.1","nx":55,"ny":127},{"baseDate":"20250814","baseTime":"1730","category":"UUU","fcstDate":"20250814","fcstTime":"2000","fcstValue":"-0.5","nx":55,"ny":127},{"baseDate":"20250814","baseTime":"1730","category":"UUU","fcstDate":"20250814","fcstTime":"2100","fcstValue":"-0.1","nx":55,"ny":127},{"baseDate":"20250814","baseTime":"1730","category":"UUU","fcstDate":"20250814","fcstTime":"2200","fcstValue":"0","nx":55,"ny":127},{"baseDate":"20250814","baseTime":"1730","category":"UUU","fcstDate":"20250814","fcstTime":"2300","fcstValue":"0","nx":55,"ny":127},{"baseDate":"20250814","baseTime":"1730","category":"VVV","fcstDate":"20250814","fcstTime":"1800","fcstValue":"0.5","nx":55,"ny":127},{"baseDate":"20250814","baseTime":"1730","category":"VVV","fcstDate":"20250814","fcstTime":"1900","fcstValue":"0.1","nx":55,"ny":127},{"baseDate":"20250814","baseTime":"1730","category":"VVV","fcstDate":"20250814","fcstTime":"2000","fcstValue":"0.1","nx":55,"ny":127},{"baseDate":"20250814","baseTime":"1730","category":"VVV","fcstDate":"20250814","fcstTime":"2100","fcstValue":"0.5","nx":55,"ny":127},{"baseDate":"20250814","baseTime":"1730","category":"VVV","fcstDate":"20250814","fcstTime":"2200","fcstValue":"0.8","nx":55,"ny":127},{"baseDate":"20250814","baseTime":"1730","category":"VVV","fcstDate":"20250814","fcstTime":"2300","fcstValue":"0.7","nx":55,"ny":127},{"baseDate":"20250814","baseTime":"1730","category":"VEC","fcstDate":"20250814","fcstTime":"1800","fcstValue":"227","nx":55,"ny":127},{"baseDate":"20250814","baseTime":"1730","category":"VEC","fcstDate":"20250814","fcstTime":"1900","fcstValue":"131","nx":55,"ny":127},{"baseDate":"20250814","baseTime":"1730","category":"VEC","fcstDate":"20250814","fcstTime":"2000","fcstValue":"102","nx":55,"ny":127},{"baseDate":"20250814","baseTime":"1730","category":"VEC","fcstDate":"20250814","fcstTime":"2100","fcstValue":"153","nx":55,"ny":127},{"baseDate":"20250814","baseTime":"1730","category":"VEC","fcstDate":"20250814","fcstTime":"2200","fcstValue":"180","nx":55,"ny":127},{"baseDate":"20250814","baseTime":"1730","category":"VEC","fcstDate":"20250814","fcstTime":"2300","fcstValue":"172","nx":55,"ny":127},{"baseDate":"20250814","baseTime":"1730","category":"WSD","fcstDate":"20250814","fcstTime":"1800","fcstValue":"1","nx":55,"ny":127},{"baseDate":"20250814","baseTime":"1730","category":"WSD","fcstDate":"20250814","fcstTime":"1900","fcstValue":"0","nx":55,"ny":127},{"baseDate":"20250814","baseTime":"1730","category":"WSD","fcstDate":"20250814","fcstTime":"2000","fcstValue":"1","nx":55,"ny":127},{"baseDate":"20250814","baseTime":"1730","category":"WSD","fcstDate":"20250814","fcstTime":"2100","fcstValue":"1","nx":55,"ny":127},{"baseDate":"20250814","baseTime":"1730","category":"WSD","fcstDate":"20250814","fcstTime":"2200","fcstValue":"1","nx":55,"ny":127},{"baseDate":"20250814","baseTime":"1730","category":"WSD","fcstDate":"20250814","fcstTime":"2300","fcstValue":"1","nx":55,"ny":127}]},"pageNo":1,"numOfRows":60,"totalCount":60}}}
testOpenApiConnection 결과: [com.example.publicdatanotification.open_api.domain.dust.domain.DustDataDto@79d72d99]
testDustStatusForZone 결과: 좋음
]]></system-out>
  <system-err><![CDATA[]]></system-err>
</testsuite>
