<?xml version="1.0" encoding="UTF-8"?>
<testsuite name="com.example.publicdatanotification.open_api.OpenApiConnectionTest" tests="3" skipped="0" failures="0" errors="0" timestamp="2025-06-08T11:06:29.581Z" hostname="DESKTOP-QV0J5T4" time="1.445">
  <properties/>
  <testcase name="testRainOpenApiConnection()" classname="com.example.publicdatanotification.open_api.OpenApiConnectionTest" time="1.29"/>
  <testcase name="testDustOpenApiConnection()" classname="com.example.publicdatanotification.open_api.OpenApiConnectionTest" time="0.093"/>
  <testcase name="testDustStatusForZone()" classname="com.example.publicdatanotification.open_api.OpenApiConnectionTest" time="0.057"/>
  <system-out><![CDATA[2025-06-08T20:06:29.518+09:00  INFO 7812 --- [public-data-notification] [    Test worker] t.c.s.AnnotationConfigContextLoaderUtils : Could not detect default configuration classes for test class [com.example.publicdatanotification.open_api.OpenApiConnectionTest]: OpenApiConnectionTest does not declare any static, non-private, non-final, nested classes annotated with @Configuration.
2025-06-08T20:06:29.570+09:00  INFO 7812 --- [public-data-notification] [    Test worker] .b.t.c.SpringBootTestContextBootstrapper : Found @SpringBootConfiguration com.example.publicdatanotification.PublicDataNotificationApplication for test class com.example.publicdatanotification.open_api.OpenApiConnectionTest
2025-06-08T20:06:29.635+09:00  INFO 7812 --- [public-data-notification] [    Test worker] c.e.p.open_api.OpenApiConnection         : 1930
2025-06-08T20:06:30.625+09:00  INFO 7812 --- [public-data-notification] [    Test worker] c.e.p.open_api.OpenApiConnection         : {"response":{"header":{"resultCode":"00","resultMsg":"NORMAL_SERVICE"},"body":{"dataType":"JSON","items":{"item":[{"baseDate":"20250608","baseTime":"1930","category":"LGT","fcstDate":"20250608","fcstTime":"2000","fcstValue":"0","nx":127,"ny":55},{"baseDate":"20250608","baseTime":"1930","category":"LGT","fcstDate":"20250608","fcstTime":"2100","fcstValue":"0","nx":127,"ny":55},{"baseDate":"20250608","baseTime":"1930","category":"LGT","fcstDate":"20250608","fcstTime":"2200","fcstValue":"0","nx":127,"ny":55},{"baseDate":"20250608","baseTime":"1930","category":"LGT","fcstDate":"20250608","fcstTime":"2300","fcstValue":"0","nx":127,"ny":55},{"baseDate":"20250608","baseTime":"1930","category":"LGT","fcstDate":"20250609","fcstTime":"0000","fcstValue":"0","nx":127,"ny":55},{"baseDate":"20250608","baseTime":"1930","category":"LGT","fcstDate":"20250609","fcstTime":"0100","fcstValue":"0","nx":127,"ny":55},{"baseDate":"20250608","baseTime":"1930","category":"PTY","fcstDate":"20250608","fcstTime":"2000","fcstValue":"0","nx":127,"ny":55},{"baseDate":"20250608","baseTime":"1930","category":"PTY","fcstDate":"20250608","fcstTime":"2100","fcstValue":"0","nx":127,"ny":55},{"baseDate":"20250608","baseTime":"1930","category":"PTY","fcstDate":"20250608","fcstTime":"2200","fcstValue":"0","nx":127,"ny":55},{"baseDate":"20250608","baseTime":"1930","category":"PTY","fcstDate":"20250608","fcstTime":"2300","fcstValue":"0","nx":127,"ny":55},{"baseDate":"20250608","baseTime":"1930","category":"PTY","fcstDate":"20250609","fcstTime":"0000","fcstValue":"0","nx":127,"ny":55},{"baseDate":"20250608","baseTime":"1930","category":"PTY","fcstDate":"20250609","fcstTime":"0100","fcstValue":"0","nx":127,"ny":55},{"baseDate":"20250608","baseTime":"1930","category":"RN1","fcstDate":"20250608","fcstTime":"2000","fcstValue":"강수없음","nx":127,"ny":55},{"baseDate":"20250608","baseTime":"1930","category":"RN1","fcstDate":"20250608","fcstTime":"2100","fcstValue":"강수없음","nx":127,"ny":55},{"baseDate":"20250608","baseTime":"1930","category":"RN1","fcstDate":"20250608","fcstTime":"2200","fcstValue":"강수없음","nx":127,"ny":55},{"baseDate":"20250608","baseTime":"1930","category":"RN1","fcstDate":"20250608","fcstTime":"2300","fcstValue":"강수없음","nx":127,"ny":55},{"baseDate":"20250608","baseTime":"1930","category":"RN1","fcstDate":"20250609","fcstTime":"0000","fcstValue":"강수없음","nx":127,"ny":55},{"baseDate":"20250608","baseTime":"1930","category":"RN1","fcstDate":"20250609","fcstTime":"0100","fcstValue":"강수없음","nx":127,"ny":55},{"baseDate":"20250608","baseTime":"1930","category":"SKY","fcstDate":"20250608","fcstTime":"2000","fcstValue":"3","nx":127,"ny":55},{"baseDate":"20250608","baseTime":"1930","category":"SKY","fcstDate":"20250608","fcstTime":"2100","fcstValue":"4","nx":127,"ny":55},{"baseDate":"20250608","baseTime":"1930","category":"SKY","fcstDate":"20250608","fcstTime":"2200","fcstValue":"4","nx":127,"ny":55},{"baseDate":"20250608","baseTime":"1930","category":"SKY","fcstDate":"20250608","fcstTime":"2300","fcstValue":"3","nx":127,"ny":55},{"baseDate":"20250608","baseTime":"1930","category":"SKY","fcstDate":"20250609","fcstTime":"0000","fcstValue":"3","nx":127,"ny":55},{"baseDate":"20250608","baseTime":"1930","category":"SKY","fcstDate":"20250609","fcstTime":"0100","fcstValue":"4","nx":127,"ny":55},{"baseDate":"20250608","baseTime":"1930","category":"T1H","fcstDate":"20250608","fcstTime":"2000","fcstValue":"21","nx":127,"ny":55},{"baseDate":"20250608","baseTime":"1930","category":"T1H","fcstDate":"20250608","fcstTime":"2100","fcstValue":"21","nx":127,"ny":55},{"baseDate":"20250608","baseTime":"1930","category":"T1H","fcstDate":"20250608","fcstTime":"2200","fcstValue":"20","nx":127,"ny":55},{"baseDate":"20250608","baseTime":"1930","category":"T1H","fcstDate":"20250608","fcstTime":"2300","fcstValue":"20","nx":127,"ny":55},{"baseDate":"20250608","baseTime":"1930","category":"T1H","fcstDate":"20250609","fcstTime":"0000","fcstValue":"20","nx":127,"ny":55},{"baseDate":"20250608","baseTime":"1930","category":"T1H","fcstDate":"20250609","fcstTime":"0100","fcstValue":"20","nx":127,"ny":55},{"baseDate":"20250608","baseTime":"1930","category":"REH","fcstDate":"20250608","fcstTime":"2000","fcstValue":"90","nx":127,"ny":55},{"baseDate":"20250608","baseTime":"1930","category":"REH","fcstDate":"20250608","fcstTime":"2100","fcstValue":"90","nx":127,"ny":55},{"baseDate":"20250608","baseTime":"1930","category":"REH","fcstDate":"20250608","fcstTime":"2200","fcstValue":"85","nx":127,"ny":55},{"baseDate":"20250608","baseTime":"1930","category":"REH","fcstDate":"20250608","fcstTime":"2300","fcstValue":"85","nx":127,"ny":55},{"baseDate":"20250608","baseTime":"1930","category":"REH","fcstDate":"20250609","fcstTime":"0000","fcstValue":"80","nx":127,"ny":55},{"baseDate":"20250608","baseTime":"1930","category":"REH","fcstDate":"20250609","fcstTime":"0100","fcstValue":"85","nx":127,"ny":55},{"baseDate":"20250608","baseTime":"1930","category":"UUU","fcstDate":"20250608","fcstTime":"2000","fcstValue":"-3.1","nx":127,"ny":55},{"baseDate":"20250608","baseTime":"1930","category":"UUU","fcstDate":"20250608","fcstTime":"2100","fcstValue":"-3.1","nx":127,"ny":55},{"baseDate":"20250608","baseTime":"1930","category":"UUU","fcstDate":"20250608","fcstTime":"2200","fcstValue":"-4.1","nx":127,"ny":55},{"baseDate":"20250608","baseTime":"1930","category":"UUU","fcstDate":"20250608","fcstTime":"2300","fcstValue":"-8.3","nx":127,"ny":55},{"baseDate":"20250608","baseTime":"1930","category":"UUU","fcstDate":"20250609","fcstTime":"0000","fcstValue":"-7.9","nx":127,"ny":55},{"baseDate":"20250608","baseTime":"1930","category":"UUU","fcstDate":"20250609","fcstTime":"0100","fcstValue":"-7.5","nx":127,"ny":55},{"baseDate":"20250608","baseTime":"1930","category":"VVV","fcstDate":"20250608","fcstTime":"2000","fcstValue":"1.2","nx":127,"ny":55},{"baseDate":"20250608","baseTime":"1930","category":"VVV","fcstDate":"20250608","fcstTime":"2100","fcstValue":"1","nx":127,"ny":55},{"baseDate":"20250608","baseTime":"1930","category":"VVV","fcstDate":"20250608","fcstTime":"2200","fcstValue":"1.4","nx":127,"ny":55},{"baseDate":"20250608","baseTime":"1930","category":"VVV","fcstDate":"20250608","fcstTime":"2300","fcstValue":"3.2","nx":127,"ny":55},{"baseDate":"20250608","baseTime":"1930","category":"VVV","fcstDate":"20250609","fcstTime":"0000","fcstValue":"3.6","nx":127,"ny":55},{"baseDate":"20250608","baseTime":"1930","category":"VVV","fcstDate":"20250609","fcstTime":"0100","fcstValue":"-0.1","nx":127,"ny":55},{"baseDate":"20250608","baseTime":"1930","category":"VEC","fcstDate":"20250608","fcstTime":"2000","fcstValue":"111","nx":127,"ny":55},{"baseDate":"20250608","baseTime":"1930","category":"VEC","fcstDate":"20250608","fcstTime":"2100","fcstValue":"107","nx":127,"ny":55},{"baseDate":"20250608","baseTime":"1930","category":"VEC","fcstDate":"20250608","fcstTime":"2200","fcstValue":"108","nx":127,"ny":55},{"baseDate":"20250608","baseTime":"1930","category":"VEC","fcstDate":"20250608","fcstTime":"2300","fcstValue":"111","nx":127,"ny":55},{"baseDate":"20250608","baseTime":"1930","category":"VEC","fcstDate":"20250609","fcstTime":"0000","fcstValue":"114","nx":127,"ny":55},{"baseDate":"20250608","baseTime":"1930","category":"VEC","fcstDate":"20250609","fcstTime":"0100","fcstValue":"88","nx":127,"ny":55},{"baseDate":"20250608","baseTime":"1930","category":"WSD","fcstDate":"20250608","fcstTime":"2000","fcstValue":"3","nx":127,"ny":55},{"baseDate":"20250608","baseTime":"1930","category":"WSD","fcstDate":"20250608","fcstTime":"2100","fcstValue":"3","nx":127,"ny":55},{"baseDate":"20250608","baseTime":"1930","category":"WSD","fcstDate":"20250608","fcstTime":"2200","fcstValue":"4","nx":127,"ny":55},{"baseDate":"20250608","baseTime":"1930","category":"WSD","fcstDate":"20250608","fcstTime":"2300","fcstValue":"9","nx":127,"ny":55},{"baseDate":"20250608","baseTime":"1930","category":"WSD","fcstDate":"20250609","fcstTime":"0000","fcstValue":"9","nx":127,"ny":55},{"baseDate":"20250608","baseTime":"1930","category":"WSD","fcstDate":"20250609","fcstTime":"0100","fcstValue":"8","nx":127,"ny":55}]},"pageNo":1,"numOfRows":60,"totalCount":60}}}
testOpenApiConnection 결과: [com.example.publicdatanotification.open_api.domain.dust.domain.DustDataDto@7ef59e5d]
testDustStatusForZone 결과: 나쁨
]]></system-out>
  <system-err><![CDATA[]]></system-err>
</testsuite>
