<?xml version="1.0" encoding="UTF-8"?>
<testsuite name="com.example.publicdatanotification.open_api.OpenApiDustInfoConnectionTest" tests="2" skipped="0" failures="0" errors="0" timestamp="2025-05-09T05:38:28.989Z" hostname="DESKTOP-RVR2Q59" time="0.826">
  <properties/>
  <testcase name="testOpenApiConnection()" classname="com.example.publicdatanotification.open_api.OpenApiDustInfoConnectionTest" time="0.774"/>
  <testcase name="testDustStatusForZone()" classname="com.example.publicdatanotification.open_api.OpenApiDustInfoConnectionTest" time="0.051"/>
  <system-out><![CDATA[14:38:22.359 [Test worker] INFO org.springframework.test.context.support.AnnotationConfigContextLoaderUtils -- Could not detect default configuration classes for test class [com.example.publicdatanotification.open_api.OpenApiDustInfoConnectionTest]: OpenApiDustInfoConnectionTest does not declare any static, non-private, non-final, nested classes annotated with @Configuration.
14:38:22.615 [Test worker] INFO org.springframework.boot.test.context.SpringBootTestContextBootstrapper -- Found @SpringBootConfiguration com.example.publicdatanotification.PublicDataNotificationApplication for test class com.example.publicdatanotification.open_api.OpenApiDustInfoConnectionTest

  .   ____          _            __ _ _
 /\\ / ___'_ __ _ _(_)_ __  __ _ \ \ \ \
( ( )\___ | '_ | '_| | '_ \/ _` | \ \ \ \
 \\/  ___)| |_)| | | | | || (_| |  ) ) ) )
  '  |____| .__|_| |_|_| |_\__, | / / / /
 =========|_|==============|___/=/_/_/_/

 :: Spring Boot ::                (v3.4.5)

2025-05-09T14:38:23.208+09:00  INFO 21680 --- [public-data-notification] [    Test worker] c.e.p.o.OpenApiDustInfoConnectionTest    : Starting OpenApiDustInfoConnectionTest using Java 17.0.9 with PID 21680 (started by gram in C:\study\public-data-notification)
2025-05-09T14:38:23.208+09:00  INFO 21680 --- [public-data-notification] [    Test worker] c.e.p.o.OpenApiDustInfoConnectionTest    : No active profile set, falling back to 1 default profile: "default"
2025-05-09T14:38:24.186+09:00  INFO 21680 --- [public-data-notification] [    Test worker] .s.d.r.c.RepositoryConfigurationDelegate : Bootstrapping Spring Data JPA repositories in DEFAULT mode.
2025-05-09T14:38:24.285+09:00  INFO 21680 --- [public-data-notification] [    Test worker] .s.d.r.c.RepositoryConfigurationDelegate : Finished Spring Data repository scanning in 79 ms. Found 3 JPA repository interfaces.
2025-05-09T14:38:24.886+09:00  INFO 21680 --- [public-data-notification] [    Test worker] com.zaxxer.hikari.HikariDataSource       : HikariPool-1 - Starting...
2025-05-09T14:38:25.128+09:00  INFO 21680 --- [public-data-notification] [    Test worker] com.zaxxer.hikari.pool.HikariPool        : HikariPool-1 - Added connection conn0: url=jdbc:h2:mem:47301013-ced4-468a-a302-1f352740e632 user=SA
2025-05-09T14:38:25.128+09:00  INFO 21680 --- [public-data-notification] [    Test worker] com.zaxxer.hikari.HikariDataSource       : HikariPool-1 - Start completed.
2025-05-09T14:38:25.354+09:00  INFO 21680 --- [public-data-notification] [    Test worker] o.hibernate.jpa.internal.util.LogHelper  : HHH000204: Processing PersistenceUnitInfo [name: default]
2025-05-09T14:38:25.450+09:00  INFO 21680 --- [public-data-notification] [    Test worker] org.hibernate.Version                    : HHH000412: Hibernate ORM core version 6.6.13.Final
2025-05-09T14:38:25.486+09:00  INFO 21680 --- [public-data-notification] [    Test worker] o.h.c.internal.RegionFactoryInitiator    : HHH000026: Second-level cache disabled
2025-05-09T14:38:25.987+09:00  INFO 21680 --- [public-data-notification] [    Test worker] o.s.o.j.p.SpringPersistenceUnitInfo      : No LoadTimeWeaver setup: ignoring JPA class transformer
2025-05-09T14:38:26.087+09:00  INFO 21680 --- [public-data-notification] [    Test worker] org.hibernate.orm.connections.pooling    : HHH10001005: Database info:
	Database JDBC URL [Connecting through datasource 'HikariDataSource (HikariPool-1)']
	Database driver: undefined/unknown
	Database version: 2.3.232
	Autocommit mode: undefined/unknown
	Isolation level: undefined/unknown
	Minimum pool size: undefined/unknown
	Maximum pool size: undefined/unknown
2025-05-09T14:38:27.050+09:00  INFO 21680 --- [public-data-notification] [    Test worker] o.h.e.t.j.p.i.JtaPlatformInitiator       : HHH000489: No JTA platform available (set 'hibernate.transaction.jta.platform' to enable JTA platform integration)
2025-05-09T14:38:27.113+09:00  INFO 21680 --- [public-data-notification] [    Test worker] j.LocalContainerEntityManagerFactoryBean : Initialized JPA EntityManagerFactory for persistence unit 'default'
2025-05-09T14:38:28.132+09:00  WARN 21680 --- [public-data-notification] [    Test worker] JpaBaseConfiguration$JpaWebConfiguration : spring.jpa.open-in-view is enabled by default. Therefore, database queries may be performed during view rendering. Explicitly configure spring.jpa.open-in-view to disable this warning
2025-05-09T14:38:28.950+09:00  INFO 21680 --- [public-data-notification] [    Test worker] c.e.p.o.OpenApiDustInfoConnectionTest    : Started OpenApiDustInfoConnectionTest in 6.114 seconds (process running for 7.695)
testOpenApiConnection 결과: [com.example.publicdatanotification.open_api.domain.dust.DustDataDto@7bc46dde]
testDustStatusForZone 결과: 보통
]]></system-out>
  <system-err><![CDATA[]]></system-err>
</testsuite>
